<?xml version="1.0" encoding="UTF-8"?>
<testng-results skipped="0" failed="0" ignored="0" total="1" passed="1">
  <reporter-output>
    <line>
      <![CDATA[Successfully landed to united states]]>
    </line>
  </reporter-output>
  <suite name="Suite" duration-ms="62796" started-at="2020-05-17T09:47:26Z" finished-at="2020-05-17T09:48:29Z">
    <groups>
    </groups>
    <test name="MicroFocusIntergrationTest" duration-ms="62796" started-at="2020-05-17T09:47:26Z" finished-at="2020-05-17T09:48:29Z">
      <class name="testCases.TC_HomePage_001">
        <test-method status="PASS" signature="WebDriverInitialize()[pri:0, instance:testCases.TC_HomePage_001@6b2fad11]" name="WebDriverInitialize" is-config="true" duration-ms="36301" started-at="2020-05-17T09:47:27Z" finished-at="2020-05-17T09:48:03Z">
          <reporter-output>
          </reporter-output>
        </test-method> <!-- WebDriverInitialize -->
        <test-method status="PASS" signature="homePageSearchItem()[pri:1, instance:testCases.TC_HomePage_001@6b2fad11]" name="homePageSearchItem" duration-ms="25693" started-at="2020-05-17T09:48:03Z" finished-at="2020-05-17T09:48:29Z">
          <reporter-output>
            <line>
              <![CDATA[Successfully landed to united states]]>
            </line>
          </reporter-output>
        </test-method> <!-- homePageSearchItem -->
      </class> <!-- testCases.TC_HomePage_001 -->
    </test> <!-- MicroFocusIntergrationTest -->
  </suite> <!-- Suite -->
</testng-results>
